This is pdfTeX, Version 3.14159265-2.6-1.40.15 (TeX Live 2014) (preloaded format=pdflatex 2014.5.25)  18 MAY 2015 08:46
entering extended mode
 \write18 enabled.
 file:line:error style messages enabled.
 %&-line parsing enabled.
**/Users/hao/Desktop/robotics/wsn-slam/Paper/final/TSWLatexianTemp_000002.tex
(/Users/hao/Desktop/robotics/wsn-slam/Paper/final/TSWLatexianTemp_000002.tex
LaTeX2e <2014/05/01>
Babel <3.9k> and hyphenation patterns for 78 languages loaded.

! LaTeX Error: File `elsart.cls' not found.

Type X to quit or <RETURN> to proceed,
or enter new name. (Default extension: cls)

Enter file name: 
/Users/hao/Desktop/robotics/wsn-slam/Paper/final/TSWLatexianTemp_000002.tex:8: Emergency stop.
<read *> 
         
l.8 ^^M
       
*** (cannot \read from terminal in nonstop modes)

 
Here is how much of TeX's memory you used:
 11 strings out of 493117
 385 string characters out of 6135433
 52909 words of memory out of 5000000
 3571 multiletter control sequences out of 15000+600000
 3640 words of font info for 14 fonts, out of 8000000 for 9000
 1141 hyphenation exceptions out of 8191
 10i,0n,7p,163b,8s stack positions out of 5000i,500n,10000p,200000b,80000s
/Users/hao/Desktop/robotics/wsn-slam/Paper/final/TSWLatexianTemp_000002.tex:8:  ==> Fatal error occurred, no output PDF file produced!
